0 info it worked if it ends with ok
1 verbose cli [ 'C:\\nodejs\\node.exe',
1 verbose cli   'E:\\Nodejs\\node_global\\node_modules\\npm\\bin\\npm-cli.js',
1 verbose cli   'run',
1 verbose cli   'serve' ]
2 info using npm@3.10.10
3 info using node@v10.11.0
4 verbose run-script [ 'preserve', 'serve', 'postserve' ]
5 info lifecycle hospital-system-web@0.1.0~preserve: hospital-system-web@0.1.0
6 silly lifecycle hospital-system-web@0.1.0~preserve: no script for preserve, continuing
7 info lifecycle hospital-system-web@0.1.0~serve: hospital-system-web@0.1.0
8 verbose lifecycle hospital-system-web@0.1.0~serve: unsafe-perm in lifecycle true
9 verbose lifecycle hospital-system-web@0.1.0~serve: PATH: E:\Nodejs\node_global\node_modules\npm\bin\node-gyp-bin;C:\Users\L\OneDrive\Desktop\Folder\MA\Code\dicom-server-20-06\dicom-server-20-06\dicom-server\web\node_modules\.bin;C:\Windows\system32;C:\Windows;C:\Windows\System32\Wbem;C:\Windows\System32\WindowsPowerShell\v1.0\;C:\Windows\System32\OpenSSH\;C:\Program Files (x86)\NVIDIA Corporation\PhysX\Common;C:\Program Files\NVIDIA Corporation\NVIDIA NvDLISR;C:\WINDOWS\system32;C:\WINDOWS;C:\WINDOWS\System32\Wbem;C:\WINDOWS\System32\WindowsPowerShell\v1.0\;C:\WINDOWS\System32\OpenSSH\;C:\MongoDB\bin;C:\nodejs\;E:\ffmpeg\bin;C:\Program Files\Git\cmd;D:\Redis\;E:\Python;;C:\Program Files\Docker\Docker\resources\bin;C:\ProgramData\DockerDesktop\version-bin;E:\Python\Scripts\;E:\Python\;C:\Users\L\AppData\Local\Microsoft\WindowsApps;E:\Nodejs\node_global;E:\WebStorm 2020.1.2\bin;;C:\Users\L\AppData\Roaming\npm;E:\ffmpeg\bin;E:\PyCharm Community Edition 2020.2\bin;;C:\Users\L\AppData\Local\GitHubDesktop\bin
10 verbose lifecycle hospital-system-web@0.1.0~serve: CWD: C:\Users\L\OneDrive\Desktop\Folder\MA\Code\dicom-server-20-06\dicom-server-20-06\dicom-server\web
11 silly lifecycle hospital-system-web@0.1.0~serve: Args: [ '/d /s /c', 'vue-cli-service serve' ]
12 silly lifecycle hospital-system-web@0.1.0~serve: Returned: code: 3221225786  signal: null
13 info lifecycle hospital-system-web@0.1.0~serve: Failed to exec serve script
14 verbose stack Error: hospital-system-web@0.1.0 serve: `vue-cli-service serve`
14 verbose stack Exit status 3221225786
14 verbose stack     at EventEmitter.<anonymous> (E:\Nodejs\node_global\node_modules\npm\lib\utils\lifecycle.js:255:16)
14 verbose stack     at EventEmitter.emit (events.js:182:13)
14 verbose stack     at ChildProcess.<anonymous> (E:\Nodejs\node_global\node_modules\npm\lib\utils\spawn.js:40:14)
14 verbose stack     at ChildProcess.emit (events.js:182:13)
14 verbose stack     at maybeClose (internal/child_process.js:962:16)
14 verbose stack     at Process.ChildProcess._handle.onexit (internal/child_process.js:251:5)
15 verbose pkgid hospital-system-web@0.1.0
16 verbose cwd C:\Users\L\OneDrive\Desktop\Folder\MA\Code\dicom-server-20-06\dicom-server-20-06\dicom-server\web
17 error Windows_NT 10.0.19041
18 error argv "C:\\nodejs\\node.exe" "E:\\Nodejs\\node_global\\node_modules\\npm\\bin\\npm-cli.js" "run" "serve"
19 error node v10.11.0
20 error npm  v3.10.10
21 error code ELIFECYCLE
22 error hospital-system-web@0.1.0 serve: `vue-cli-service serve`
22 error Exit status 3221225786
23 error Failed at the hospital-system-web@0.1.0 serve script 'vue-cli-service serve'.
23 error Make sure you have the latest version of node.js and npm installed.
23 error If you do, this is most likely a problem with the hospital-system-web package,
23 error not with npm itself.
23 error Tell the author that this fails on your system:
23 error     vue-cli-service serve
23 error You can get information on how to open an issue for this project with:
23 error     npm bugs hospital-system-web
23 error Or if that isn't available, you can get their info via:
23 error     npm owner ls hospital-system-web
23 error There is likely additional logging output above.
24 verbose exit [ 1, true ]
